<?xml version="1.0" encoding="UTF-8"?>
<testng-results ignored="0" total="1" passed="1" failed="0" skipped="0">
  <reporter-output>
  </reporter-output>
  <suite started-at="2023-07-27T10:59:51 IST" name="Default suite" finished-at="2023-07-27T11:00:01 IST" duration-ms="9990">
    <groups>
    </groups>
    <test started-at="2023-07-27T10:59:51 IST" name="Default test" finished-at="2023-07-27T11:00:01 IST" duration-ms="9990">
      <class name="testcsripts.TC_01Test">
        <test-method is-config="true" signature="launchingBrowser()[pri:0, instance:testcsripts.TC_01Test@2a54a73f]" started-at="2023-07-27T10:59:51 IST" name="launchingBrowser" finished-at="2023-07-27T10:59:54 IST" duration-ms="2434" status="PASS">
          <reporter-output>
          </reporter-output>
        </test-method> <!-- launchingBrowser -->
        <test-method is-config="true" signature="NavigatingToApplication()[pri:0, instance:testcsripts.TC_01Test@2a54a73f]" started-at="2023-07-27T10:59:54 IST" name="NavigatingToApplication" finished-at="2023-07-27T10:59:59 IST" duration-ms="5790" status="PASS">
          <reporter-output>
          </reporter-output>
        </test-method> <!-- NavigatingToApplication -->
        <test-method signature="LoginWithValidCredentials()[pri:0, instance:testcsripts.TC_01Test@2a54a73f]" started-at="2023-07-27T10:59:59 IST" name="LoginWithValidCredentials" finished-at="2023-07-27T11:00:01 IST" duration-ms="1277" status="PASS">
          <reporter-output>
          </reporter-output>
        </test-method> <!-- LoginWithValidCredentials -->
        <test-method is-config="true" signature="teardonwTheBrowser()[pri:0, instance:testcsripts.TC_01Test@2a54a73f]" started-at="2023-07-27T11:00:01 IST" name="teardonwTheBrowser" finished-at="2023-07-27T11:00:01 IST" duration-ms="443" status="PASS">
          <reporter-output>
          </reporter-output>
        </test-method> <!-- teardonwTheBrowser -->
      </class> <!-- testcsripts.TC_01Test -->
    </test> <!-- Default test -->
  </suite> <!-- Default suite -->
</testng-results>
